2025-06-01 01:09:41 - RimWorldModBuilder - INFO - ✅ Знайдено dotnet CLI: C:\Program Files\dotnet\dotnet.exe
2025-06-01 01:09:41 - RimWorldModBuilder - INFO - ✅ Знайдено .NET SDK версії: 9.0.300
2025-06-01 01:09:45 - RimWorldModBuilder - INFO - ✅ Знайдено MSBuild: C:\Program Files\dotnet\dotnet.exe msbuild
2025-06-01 01:09:45 - RimWorldModBuilder - INFO - ✅ Знайдено .NET Framework версії: v2.0.50727, v3.0, v3.5, v4, v4.0, Core 2.1.30, Core 3.1.10, Core 8.0.12, Core 8.0.16, Core 9.0.5
2025-06-01 01:09:45 - RimWorldModBuilder - INFO - ✅ Знайдено dotnet CLI: C:\Program Files\dotnet\dotnet.exe
2025-06-01 01:09:45 - RimWorldModBuilder - INFO - ✅ Знайдено .NET SDK версії: 9.0.300
2025-06-01 01:09:45 - RimWorldModBuilder - INFO - ✅ Знайдено MSBuild: C:\Program Files\dotnet\dotnet.exe msbuild
2025-06-01 01:09:45 - RimWorldModBuilder - INFO - ✅ Знайдено .NET Framework версії: v2.0.50727, v3.0, v3.5, v4, v4.0, Core 2.1.30, Core 3.1.10, Core 8.0.12, Core 8.0.16, Core 9.0.5
2025-06-01 01:09:45 - RimWorldModBuilder - WARNING - ⚠️ RimWorld бібліотеки не знайдено
2025-06-01 01:09:45 - RimWorldModBuilder - INFO - ✅ C# проєкт створено: C:\Users\0C18~1\AppData\Local\Temp\tmp8339jwmg\TestMod\Source\TestMod
2025-06-01 01:09:45 - RimWorldModBuilder - INFO - ✅ Структура мода створена: C:\Users\0C18~1\AppData\Local\Temp\tmp8339jwmg\TestMod
2025-06-01 01:09:45 - RimWorldModBuilder - INFO - ✅ Знайдено dotnet CLI: C:\Program Files\dotnet\dotnet.exe
2025-06-01 01:09:45 - RimWorldModBuilder - INFO - ✅ Знайдено .NET SDK версії: 9.0.300
2025-06-01 01:09:46 - RimWorldModBuilder - INFO - ✅ Знайдено MSBuild: C:\Program Files\dotnet\dotnet.exe msbuild
2025-06-01 01:09:46 - RimWorldModBuilder - INFO - ✅ Знайдено .NET Framework версії: v2.0.50727, v3.0, v3.5, v4, v4.0, Core 2.1.30, Core 3.1.10, Core 8.0.12, Core 8.0.16, Core 9.0.5
2025-06-01 01:09:46 - RimWorldModBuilder - WARNING - ⚠️ RimWorld бібліотеки не знайдено
2025-06-01 01:09:46 - RimWorldModBuilder - INFO - ✅ C# проєкт створено: C:\Users\0C18~1\AppData\Local\Temp\tmptrt4u80w\CompileTestMod\Source\CompileTestMod
2025-06-01 01:09:46 - RimWorldModBuilder - INFO - ✅ Структура мода створена: C:\Users\0C18~1\AppData\Local\Temp\tmptrt4u80w\CompileTestMod
2025-06-01 01:09:46 - RimWorldModBuilder - WARNING - ⚠️ RimWorld бібліотеки не знайдено
2025-06-01 01:09:48 - RimWorldModBuilder - ERROR - ❌ Помилка компіляції: MSBuild version 17.14.5+edd3bbf37 for .NET
C:\Program Files\dotnet\sdk\9.0.300\Microsoft.Common.CurrentVersion.targets(2434,5): warning MSB3245: Could not resolve this reference. Could not locate the assembly "Assembly-CSharp". Check to make sure the assembly exists on disk. If this reference is required by your code, you may get compilation errors. [C:\Users\РљР°С‚СЏ\AppData\Local\Temp\tmptrt4u80w\CompileTestMod\Source\CompileTestMod\CompileTestMod.csproj]
C:\Program Files\dotnet\sdk\9.0.300\Microsoft.Common.CurrentVersion.targets(2434,5): warning MSB3245: Could not resolve this reference. Could not locate the assembly "UnityEngine.CoreModule". Check to make sure the assembly exists on disk. If this reference is required by your code, you may get compilation errors. [C:\Users\РљР°С‚СЏ\AppData\Local\Temp\tmptrt4u80w\CompileTestMod\Source\CompileTestMod\CompileTestMod.csproj]
C:\Program Files\dotnet\sdk\9.0.300\Microsoft.Common.CurrentVersion.targets(2434,5): warning MSB3245: Could not resolve this reference. Could not locate the assembly "0Harmony". Check to make sure the assembly exists on disk. If this reference is required by your code, you may get compilation errors. [C:\Users\РљР°С‚СЏ\AppData\Local\Temp\tmptrt4u80w\CompileTestMod\Source\CompileTestMod\CompileTestMod.csproj]
CSC : error CS2001: Source file 'C:\Users\РљР°С‚СЏ\AppData\Local\Temp\tmptrt4u80w\CompileTestMod\Source\CompileTestMod\Properties\AssemblyInfo.cs' could not be found. [C:\Users\РљР°С‚СЏ\AppData\Local\Temp\tmptrt4u80w\CompileTestMod\Source\CompileTestMod\CompileTestMod.csproj]

2025-06-01 01:09:50 - RimWorldModBuilder - WARNING - ⚠️ RimWorld бібліотеки не знайдено
2025-06-01 01:09:50 - RimWorldModBuilder - WARNING - ⚠️ RimWorld бібліотеки не знайдено
2025-06-01 01:09:51 - RimWorldModBuilder - INFO - ✅ Структура мода створена: C:\Users\0C18~1\AppData\Local\Temp\tmpjpe_sdp_\BasicMod
2025-06-01 01:09:51 - RimWorldModBuilder - INFO - ✅ Знайдено dotnet CLI: C:\Program Files\dotnet\dotnet.exe
2025-06-01 01:09:51 - RimWorldModBuilder - INFO - ✅ Знайдено .NET SDK версії: 9.0.300
2025-06-01 01:09:51 - RimWorldModBuilder - INFO - ✅ Знайдено MSBuild: C:\Program Files\dotnet\dotnet.exe msbuild
2025-06-01 01:09:51 - RimWorldModBuilder - INFO - ✅ Знайдено .NET Framework версії: v2.0.50727, v3.0, v3.5, v4, v4.0, Core 2.1.30, Core 3.1.10, Core 8.0.12, Core 8.0.16, Core 9.0.5
2025-06-01 01:09:51 - RimWorldModBuilder - WARNING - ⚠️ RimWorld бібліотеки не знайдено
2025-06-01 01:09:51 - RimWorldModBuilder - INFO - ✅ C# проєкт створено: C:\Users\0C18~1\AppData\Local\Temp\tmpjpe_sdp_\CSharpMod\Source\CSharpMod
2025-06-01 01:09:51 - RimWorldModBuilder - INFO - ✅ Структура мода створена: C:\Users\0C18~1\AppData\Local\Temp\tmpjpe_sdp_\CSharpMod
